
                           Design Compiler Graphical 
                                 DC Ultra (TM)
                                  DFTMAX (TM)
                              Power Compiler (TM)
                                 DesignWare (R)
                                 DC Expert (TM)
                               Design Vision (TM)
                               HDL Compiler (TM)
                               VHDL Compiler (TM)
                                  DFT Compiler
                               Design Compiler(R)

               Version U-2022.12-SP7 for linux64 - Oct 10, 2023 

                    Copyright (c) 1988 - 2023 Synopsys, Inc.
   This software and the associated documentation are proprietary to Synopsys,
 Inc. This software may only be used in accordance with the terms and conditions
 of a written license agreement with Synopsys, Inc. All other use, reproduction,
   or distribution of this software is strictly prohibited.  Licensed Products
     communicate with Synopsys servers for the purpose of providing software
    updates, detecting software piracy and verifying that customers are using
    Licensed Products in conformity with the applicable License Key for such
  Licensed Products. Synopsys will use information gathered in connection with
    this process to deliver software updates and pursue software pirates and
                                   infringers.

 Inclusivity & Diversity - Visit SolvNetPlus to read the "Synopsys Statement on
            Inclusivity and Diversity" (Refer to article 000036315 at
                        https://solvnetplus.synopsys.com)
Initializing...
Current time:       Mon Mar  2 17:44:11 2026
Hostname:           borax.clear8.rice.edu
CPU Model:          Intel(R) Xeon(R) CPU E5-2640 v4 @ 2.40GHz
CPU Details:        Cores = 40 : Sockets = 2 : Cache Size = 25600 KB : Freq = 3.40 GHz
OS:                 Linux 4.18.0-553.89.1.el8_10.x86_64
RAM:                125 GB (Free   6 GB)
Swap:                15 GB (Free  15 GB)
Work Filesystem:    /storage-home/s/sr185 mounted to clearstor.clear.rice.edu:/clear-home/sr185
Tmp Filesystem:     /tmp mounted to /dev/mapper/vg0-tmp
Work Disk:          5038 GB (Free 942 GB)
Tmp Disk:             5 GB (Free   5 GB)

CPU Load: 1%, Ram Free: 6 GB, Swap Free: 15 GB, Work Disk Free: 942 GB, Tmp Disk Free: 5 GB
#/**************************************************/
#/* Compile Script for Synopsys                    */
#/*                                                */
#/* dc_shell-t -f compile_dc.tcl                   */
#/*                                                */
#/* OSU FreePDK 45nm                               */
#/* Modified for OSU ami05 - Rice U. 2018          */
#/*                                                */
#/**************************************************/
#/* User Input Data Section: List files, module, clock, frequency below. */
#/* Edit this part only of the file.                                     */
#/* Add all verilog files, separated by spaces after keyword "list"      */
set my_verilog_files [list ../tetris_fsm.v]
../tetris_fsm.v
set my_toplevel tetris_fsm
tetris_fsm
set my_clock_pin clka
clka
#/* Target frequency in MHz for optimization       */
set my_clk_freq_MHz 50
50
#/* Delay of input signals (Clock-to-Q, Package etc.)  */
set my_input_delay_ns 1
1
#/* Reserved time for output signals (Holdtime etc.)   */
set my_output_delay_ns 1
1
#/********************************************************************/
#/********************************************************************/
#/* No modifications needed below. Do not edit or remove.            */
#/*                                                                  */
#/* Paths updated for Rice U. on CLEAR cluster 2018.                 */
#/********************************************************************/
#/********************************************************************/
#/* Start of Synopsys library cells location data.               */
set OSUcells "/clear/apps/osu/soc/synopsys/lib/ami05"
/clear/apps/osu/soc/synopsys/lib/ami05
set search_path [concat  $search_path $OSUcells]
. /clear/apps/synopsys-2023/syn/latest/libraries/syn /clear/apps/synopsys-2023/syn/latest/dw/syn_ver /clear/apps/synopsys-2023/syn/latest/dw/sim_ver /clear/apps/osu/soc/synopsys/lib/ami05
set alib_library_analysis_path $OSUcells
/clear/apps/osu/soc/synopsys/lib/ami05
set link_library [set target_library [concat  [list osu05_stdcells.db] [list dw_foundation.sldb]]]
osu05_stdcells.db dw_foundation.sldb
set target_library "osu05_stdcells.db"
osu05_stdcells.db
#/* End of Synopsys library cells location data.                  */
define_design_lib WORK -path ./WORK
1
set verilogout_show_unconnected_pins "true"
true
analyze -f verilog $my_verilog_files
Running PRESTO HDLC
Compiling source file ../tetris_fsm.v
Warning:  ../tetris_fsm.v:65: port state have inconsistent declarations. (VER-151)
Presto compilation completed successfully.
Loading db file '/clear/apps/osu/soc/synopsys/lib/ami05/osu05_stdcells.db'
Loading db file '/clear/apps/synopsys-2023/syn/latest/libraries/syn/dw_foundation.sldb'
1
elaborate $my_toplevel
Loading db file '/clear/apps/synopsys-2023/syn/latest/libraries/syn/gtech.db'
Loading db file '/clear/apps/synopsys-2023/syn/latest/libraries/syn/standard.sldb'
  Loading link library 'osu05_stdcells'
  Loading link library 'gtech'
Running PRESTO HDLC

Statistics for case statements in always block at line 72 in file
	'../tetris_fsm.v'
===============================================
|           Line           |  full/ parallel  |
===============================================
|            86            |    auto/auto     |
===============================================

Statistics for case statements in always block at line 169 in file
	'../tetris_fsm.v'
===============================================
|           Line           |  full/ parallel  |
===============================================
|           186            |    auto/auto     |
|           200            |    auto/auto     |
===============================================

Inferred memory devices in process
	in routine tetris_fsm line 143 in file
		'../tetris_fsm.v'.
===============================================================================
|    Register Name    |   Type    | Width | Bus | MB | AR | AS | SR | SS | ST |
===============================================================================
|    disp_cnt_reg     | Flip-flop |   4   |  Y  | N  | N  | N  | N  | N  | N  |
|   next_state_reg    | Flip-flop |   4   |  Y  | N  | N  | N  | N  | N  | N  |
|    move_cmd_reg     | Flip-flop |   3   |  Y  | N  | N  | N  | N  | N  | N  |
===============================================================================

Inferred memory devices in process
	in routine tetris_fsm line 169 in file
		'../tetris_fsm.v'.
==================================================================================
|     Register Name      |   Type    | Width | Bus | MB | AR | AS | SR | SS | ST |
==================================================================================
|   out_line_clear_reg   | Flip-flop |   1   |  N  | N  | N  | N  | N  | N  | N  |
|       state_reg        | Flip-flop |   4   |  Y  | N  | N  | N  | N  | N  | N  |
| alu_op_shift_left_reg  | Flip-flop |   1   |  N  | N  | N  | N  | N  | N  | N  |
| alu_op_shift_right_reg | Flip-flop |   1   |  N  | N  | N  | N  | N  | N  | N  |
|   alu_op_rotate_reg    | Flip-flop |   1   |  N  | N  | N  | N  | N  | N  | N  |
|   alu_op_gravity_reg   | Flip-flop |   1   |  N  | N  | N  | N  | N  | N  | N  |
|     piece_lock_reg     | Flip-flop |   1   |  N  | N  | N  | N  | N  | N  | N  |
|    piece_spawn_reg     | Flip-flop |   1   |  N  | N  | N  | N  | N  | N  | N  |
|     clear_row_reg      | Flip-flop |   1   |  N  | N  | N  | N  | N  | N  | N  |
|     score_inc_reg      | Flip-flop |   1   |  N  | N  | N  | N  | N  | N  | N  |
|    board_reset_reg     | Flip-flop |   1   |  N  | N  | N  | N  | N  | N  | N  |
|   disp_row_valid_reg   | Flip-flop |   1   |  N  | N  | N  | N  | N  | N  | N  |
|   disp_row_addr_reg    | Flip-flop |   4   |  Y  | N  | N  | N  | N  | N  | N  |
|   out_game_over_reg    | Flip-flop |   1   |  N  | N  | N  | N  | N  | N  | N  |
==================================================================================
Presto compilation completed successfully. (tetris_fsm)
Elaborated 1 design.
Current design is now 'tetris_fsm'.
1
current_design $my_toplevel
Current design is 'tetris_fsm'.
{tetris_fsm}
link

  Linking design 'tetris_fsm'
  Using the following designs and libraries:
  --------------------------------------------------------------------------
  osu05_stdcells (library)    /clear/apps/osu/soc/synopsys/lib/ami05/osu05_stdcells.db
  dw_foundation.sldb (library) /clear/apps/synopsys-2023/syn/latest/libraries/syn/dw_foundation.sldb

1
uniquify
1
set my_period [expr 1000 / $my_clk_freq_MHz]
20
set find_clock [ find port [list $my_clock_pin] ]
{clka}
if {  $find_clock != [list] } {
   set clk_name $my_clock_pin
   create_clock -period $my_period $clk_name
} else {
   set clk_name vclk
   create_clock -period $my_period -name $clk_name
}
1
set_driving_cell  -lib_cell INVX1  [all_inputs]
Warning: Design rule attributes from the driving cell will be set on the port 'clka'. (UID-401)
Warning: Design rule attributes from the driving cell will be set on the port 'clkb'. (UID-401)
Warning: Design rule attributes from the driving cell will be set on the port 'restart'. (UID-401)
Warning: Design rule attributes from the driving cell will be set on the port 'btn_left'. (UID-401)
Warning: Design rule attributes from the driving cell will be set on the port 'btn_right'. (UID-401)
Warning: Design rule attributes from the driving cell will be set on the port 'btn_rotate'. (UID-401)
Warning: Design rule attributes from the driving cell will be set on the port 'btn_drop'. (UID-401)
Warning: Design rule attributes from the driving cell will be set on the port 'collision_flag'. (UID-401)
Warning: Design rule attributes from the driving cell will be set on the port 'row_full_flag'. (UID-401)
Warning: Design rule attributes from the driving cell will be set on the port 'game_over_flag'. (UID-401)
Warning: Design rule attributes from the driving cell will be set on the port 'clear_done'. (UID-401)
Warning: Design rule attributes from the driving cell will be set on the port 'gravity_tick'. (UID-401)
1
set_input_delay $my_input_delay_ns -clock $clk_name [remove_from_collection [all_inputs] $my_clock_pin]
1
set_output_delay $my_output_delay_ns -clock $clk_name [all_outputs]
1
compile -ungroup_all -map_effort medium
CPU Load: 1%, Ram Free: 6 GB, Swap Free: 15 GB, Work Disk Free: 942 GB, Tmp Disk Free: 5 GB
Information: Checking out the license 'DesignWare'. (SEC-104)
Information: Evaluating DesignWare library utilization. (UISN-27)

============================================================================
| DesignWare Building Block Library  |         Version         | Available |
============================================================================
| Basic DW Building Blocks           | U-2022.12-DWBB_202212.5 |     *     |
| Licensed DW Building Blocks        | U-2022.12-DWBB_202212.5 |     *     |
============================================================================

====================================================================================================
| Flow Information                                                                                 |
----------------------------------------------------------------------------------------------------
| Flow         | Design Compiler                                                                   |
====================================================================================================
| Design Information                                      | Value                                  |
====================================================================================================
| Number of Scenarios                                     | 0                                      |
| Leaf Cell Count                                         | 258                                    |
| Number of User Hierarchies                              | 0                                      |
| Sequential Cell Count                                   | 31                                     |
| Macro Count                                             | 0                                      |
| Number of Power Domains                                 | 0                                      |
| Number of Path Groups                                   | 2                                      |
| Number of VT Class                                      | 0                                      |
| Number of Clocks                                        | 1                                      |
| Number of Dont Touch Cells                              | 90                                     |
| Number of Dont Touch Nets                               | 0                                      |
| Number of Size Only Cells                               | 0                                      |
| Design with UPF Data                                    | false                                  |
====================================================================================================

Information: There are 1 potential problems in your design. Please run 'check_design' for more information. (LINT-99)



  Beginning Pass 1 Mapping
  ------------------------
  Processing 'tetris_fsm'
Information: Ungrouping hierarchy U4. (OPT-772)

  Updating timing information
Information: Updating design information... (UID-85)

  Beginning Mapping Optimizations  (Medium effort)
  -------------------------------
Information: Command 'do_operand_isolation' is obsolete and is being ignored.  Please refer to the replacement command 'set power_enable_datapath_gating true' instead. (INFO-118)

                                  TOTAL                                      
   ELAPSED            WORST NEG   SETUP    DESIGN                            
    TIME      AREA      SLACK     COST    RULE COST         ENDPOINT         
  --------- --------- --------- --------- --------- -------------------------
    0:00:01   55458.0      0.00       0.0      41.7                          
    0:00:01   55458.0      0.00       0.0      41.7                          
    0:00:01   55458.0      0.00       0.0      41.7                          
    0:00:01   55458.0      0.00       0.0      41.7                          
    0:00:01   55458.0      0.00       0.0      41.7                          
    0:00:01   55458.0      0.00       0.0      41.7                          
    0:00:01   55458.0      0.00       0.0      41.7                          
    0:00:01   55458.0      0.00       0.0      41.7                          
    0:00:01   55458.0      0.00       0.0      41.7                          
    0:00:01   55458.0      0.00       0.0      41.7                          
    0:00:01   55458.0      0.00       0.0      41.7                          
    0:00:01   55458.0      0.00       0.0      41.7                          



  Beginning Delay Optimization Phase
  ----------------------------------

                                  TOTAL                                      
   ELAPSED            WORST NEG   SETUP    DESIGN                            
    TIME      AREA      SLACK     COST    RULE COST         ENDPOINT         
  --------- --------- --------- --------- --------- -------------------------
    0:00:01   55458.0      0.00       0.0      41.7                          
    0:00:01   55458.0      0.00       0.0      41.7                          
    0:00:01   55458.0      0.00       0.0      41.7                          


  Beginning Design Rule Fixing  (max_capacitance)
  ----------------------------

                                  TOTAL                                      
   ELAPSED            WORST NEG   SETUP    DESIGN                            
    TIME      AREA      SLACK     COST    RULE COST         ENDPOINT         
  --------- --------- --------- --------- --------- -------------------------
    0:00:01   55458.0      0.00       0.0      41.7                          
    0:00:01   55818.0      0.00       0.0       0.0                          


  Beginning Area-Recovery Phase  (cleanup)
  -----------------------------

                                  TOTAL                                      
   ELAPSED            WORST NEG   SETUP    DESIGN                            
    TIME      AREA      SLACK     COST    RULE COST         ENDPOINT         
  --------- --------- --------- --------- --------- -------------------------
    0:00:01   55818.0      0.00       0.0       0.0                          
    0:00:01   55818.0      0.00       0.0       0.0                          
    0:00:01   55818.0      0.00       0.0       0.0                          
    0:00:01   55818.0      0.00       0.0       0.0                          
    0:00:01   55818.0      0.00       0.0       0.0                          
    0:00:01   55818.0      0.00       0.0       0.0                          
    0:00:01   55818.0      0.00       0.0       0.0                          
    0:00:01   55818.0      0.00       0.0       0.0                          
    0:00:01   55818.0      0.00       0.0       0.0                          
    0:00:01   55818.0      0.00       0.0       0.0                          
    0:00:01   55818.0      0.00       0.0       0.0                          
Loading db file '/clear/apps/osu/soc/synopsys/lib/ami05/osu05_stdcells.db'


Note: Symbol # after min delay cost means estimated hold TNS across all active scenarios 


  Optimization Complete
  ---------------------
CPU Load: 1%, Ram Free: 6 GB, Swap Free: 15 GB, Work Disk Free: 942 GB, Tmp Disk Free: 5 GB
Information: Total number of MV cells in the design.
----------------------------------------------------------------------------------------------------
 MV Cells                                           Total Number                                   
----------------------------------------------------------------------------------------------------
 Level Shifter:                                     0                                             
 Enable Level Shifter:                              0                                             
 Isolation Cell:                                    0                                             
 Retention Cell:                                    0                                             
 Retention Clamp Cell:                              0                                             
 Switch Cell:                                       0                                             
 Always-On Cell:                                    0                                             
 Repeater Cell:                                     0                                             

----------------------------------------------------------------------------------------------------
Unmapped MV Cells 
----------------------------------------------------------------------------------------------------
0 Isolation Cells are unmapped 
0 Retention Clamp Cells are unmapped 
----------------------------------------------------------------------------------------------------
1
compile -incremental_mapping -map_effort medium
CPU Load: 1%, Ram Free: 6 GB, Swap Free: 15 GB, Work Disk Free: 942 GB, Tmp Disk Free: 5 GB
====================================================================================================
| Flow Information                                                                                 |
----------------------------------------------------------------------------------------------------
| Flow         | Design Compiler                                                                   |
====================================================================================================
| Design Information                                      | Value                                  |
====================================================================================================
| Number of Scenarios                                     | 0                                      |
| Leaf Cell Count                                         | 160                                    |
| Number of User Hierarchies                              | 0                                      |
| Sequential Cell Count                                   | 31                                     |
| Macro Count                                             | 0                                      |
| Number of Power Domains                                 | 0                                      |
| Number of Path Groups                                   | 2                                      |
| Number of VT Class                                      | 0                                      |
| Number of Clocks                                        | 1                                      |
| Number of Dont Touch Cells                              | 0                                      |
| Number of Dont Touch Nets                               | 0                                      |
| Number of Size Only Cells                               | 0                                      |
| Design with UPF Data                                    | false                                  |
====================================================================================================


  Beginning Pass 1 Mapping  (Incremental)
  ------------------------

  Updating timing information
Information: Updating design information... (UID-85)

  Beginning Mapping Optimizations  (Medium effort)  (Incremental)
  -------------------------------

  Beginning Incremental Implementation Selection
  ----------------------------------------------
Information: Command 'do_operand_isolation' is obsolete and is being ignored.  Please refer to the replacement command 'set power_enable_datapath_gating true' instead. (INFO-118)

  Beginning Delay Optimization Phase
  ----------------------------------

                                  TOTAL                                      
   ELAPSED            WORST NEG   SETUP    DESIGN                            
    TIME      AREA      SLACK     COST    RULE COST         ENDPOINT         
  --------- --------- --------- --------- --------- -------------------------
    0:00:00   55818.0      0.00       0.0       0.0                          
    0:00:00   55818.0      0.00       0.0       0.0                          
    0:00:00   55818.0      0.00       0.0       0.0                          
Loading db file '/clear/apps/osu/soc/synopsys/lib/ami05/osu05_stdcells.db'


Note: Symbol # after min delay cost means estimated hold TNS across all active scenarios 


  Optimization Complete
  ---------------------
CPU Load: 1%, Ram Free: 6 GB, Swap Free: 15 GB, Work Disk Free: 942 GB, Tmp Disk Free: 5 GB
Information: Total number of MV cells in the design.
----------------------------------------------------------------------------------------------------
 MV Cells                                           Total Number                                   
----------------------------------------------------------------------------------------------------
 Level Shifter:                                     0                                             
 Enable Level Shifter:                              0                                             
 Isolation Cell:                                    0                                             
 Retention Cell:                                    0                                             
 Retention Clamp Cell:                              0                                             
 Switch Cell:                                       0                                             
 Always-On Cell:                                    0                                             
 Repeater Cell:                                     0                                             

----------------------------------------------------------------------------------------------------
Unmapped MV Cells 
----------------------------------------------------------------------------------------------------
0 Isolation Cells are unmapped 
0 Retention Clamp Cells are unmapped 
----------------------------------------------------------------------------------------------------
1
check_design
1
report_constraint -all_violators
Information: Updating design information... (UID-85)
 
****************************************
Report : constraint
        -all_violators
Design : tetris_fsm
Version: U-2022.12-SP7
Date   : Mon Mar  2 17:44:13 2026
****************************************

This design has no violated constraints.

1
set filename [format "%s%s"  $my_toplevel ".vh"]
tetris_fsm.vh
write -f verilog -output $filename
Writing verilog file '/storage-home/s/sr185/tetris_fsm_controller/Synthesis/tetris_fsm.vh'.
1
set filename [format "%s%s"  $my_toplevel ".sdc"]
tetris_fsm.sdc
write_sdc $filename
1
report_cell 
 
****************************************
Report : cell
Design : tetris_fsm
Version: U-2022.12-SP7
Date   : Mon Mar  2 17:44:13 2026
****************************************

Attributes:
    b - black box (unknown)
    h - hierarchical
    n - noncombinational
    r - removable
    u - contains unmapped logic

Cell                      Reference       Library             Area  Attributes
--------------------------------------------------------------------------------
U3                        AND2X2          osu05_stdcells  288.000000
U4                        INVX2           osu05_stdcells  144.000000
U5                        INVX2           osu05_stdcells  144.000000
U6                        INVX2           osu05_stdcells  144.000000
U7                        INVX2           osu05_stdcells  144.000000
U8                        INVX2           osu05_stdcells  144.000000
U9                        INVX2           osu05_stdcells  144.000000
U10                       INVX2           osu05_stdcells  144.000000
U11                       INVX2           osu05_stdcells  144.000000
U12                       INVX2           osu05_stdcells  144.000000
U13                       INVX2           osu05_stdcells  144.000000
U14                       INVX2           osu05_stdcells  144.000000
U15                       INVX2           osu05_stdcells  144.000000
U16                       INVX2           osu05_stdcells  144.000000
U17                       INVX2           osu05_stdcells  144.000000
U18                       INVX2           osu05_stdcells  144.000000
U19                       INVX2           osu05_stdcells  144.000000
U20                       INVX2           osu05_stdcells  144.000000
U21                       INVX2           osu05_stdcells  144.000000
U22                       INVX2           osu05_stdcells  144.000000
U23                       INVX2           osu05_stdcells  144.000000
U24                       INVX2           osu05_stdcells  144.000000
U25                       INVX2           osu05_stdcells  144.000000
U26                       INVX2           osu05_stdcells  144.000000
U27                       INVX2           osu05_stdcells  144.000000
U28                       INVX2           osu05_stdcells  144.000000
U29                       INVX2           osu05_stdcells  144.000000
U30                       INVX2           osu05_stdcells  144.000000
U31                       INVX2           osu05_stdcells  144.000000
U32                       INVX2           osu05_stdcells  144.000000
U33                       INVX2           osu05_stdcells  144.000000
U34                       INVX2           osu05_stdcells  144.000000
U35                       INVX2           osu05_stdcells  144.000000
U36                       INVX2           osu05_stdcells  144.000000
U37                       INVX2           osu05_stdcells  144.000000
U38                       INVX2           osu05_stdcells  144.000000
U39                       INVX2           osu05_stdcells  144.000000
U40                       OAI21X1         osu05_stdcells  207.000000
U41                       NAND3X1         osu05_stdcells  324.000000
U42                       OAI22X1         osu05_stdcells  360.000000
U43                       NAND3X1         osu05_stdcells  324.000000
U44                       OAI21X1         osu05_stdcells  207.000000
U45                       NAND3X1         osu05_stdcells  324.000000
U46                       OAI21X1         osu05_stdcells  207.000000
U47                       NAND2X1         osu05_stdcells  216.000000
U48                       NOR2X1          osu05_stdcells  216.000000
U49                       NOR2X1          osu05_stdcells  216.000000
U50                       NOR2X1          osu05_stdcells  216.000000
U51                       NOR2X1          osu05_stdcells  216.000000
U52                       NAND3X1         osu05_stdcells  324.000000
U53                       NOR2X1          osu05_stdcells  216.000000
U54                       NAND2X1         osu05_stdcells  216.000000
U55                       NOR2X1          osu05_stdcells  216.000000
U56                       NOR2X1          osu05_stdcells  216.000000
U57                       NAND2X1         osu05_stdcells  216.000000
U58                       NOR2X1          osu05_stdcells  216.000000
U59                       NOR2X1          osu05_stdcells  216.000000
U60                       NOR2X1          osu05_stdcells  216.000000
U61                       NOR2X1          osu05_stdcells  216.000000
U62                       NAND2X1         osu05_stdcells  216.000000
U63                       NAND3X1         osu05_stdcells  324.000000
U64                       NAND3X1         osu05_stdcells  324.000000
U65                       NAND2X1         osu05_stdcells  216.000000
U66                       NAND3X1         osu05_stdcells  324.000000
U67                       NAND3X1         osu05_stdcells  324.000000
U68                       NOR2X1          osu05_stdcells  216.000000
U69                       NAND2X1         osu05_stdcells  216.000000
U70                       NOR2X1          osu05_stdcells  216.000000
U71                       NAND2X1         osu05_stdcells  216.000000
U72                       NOR2X1          osu05_stdcells  216.000000
U73                       NAND2X1         osu05_stdcells  216.000000
U74                       NAND2X1         osu05_stdcells  216.000000
U75                       NAND2X1         osu05_stdcells  216.000000
U76                       OAI21X1         osu05_stdcells  207.000000
U77                       NAND3X1         osu05_stdcells  324.000000
U78                       AOI21X1         osu05_stdcells  288.000000
U79                       NAND2X1         osu05_stdcells  216.000000
U80                       OAI22X1         osu05_stdcells  360.000000
U81                       OAI21X1         osu05_stdcells  207.000000
U82                       NAND3X1         osu05_stdcells  324.000000
U83                       NOR2X1          osu05_stdcells  216.000000
U84                       AOI21X1         osu05_stdcells  288.000000
U85                       NOR2X1          osu05_stdcells  216.000000
U86                       XOR2X1          osu05_stdcells  504.000000
U87                       NOR2X1          osu05_stdcells  216.000000
U88                       OAI21X1         osu05_stdcells  207.000000
U89                       NAND3X1         osu05_stdcells  324.000000
U90                       NOR2X1          osu05_stdcells  216.000000
U91                       AOI22X1         osu05_stdcells  360.000000
U92                       OAI21X1         osu05_stdcells  207.000000
U93                       NAND3X1         osu05_stdcells  324.000000
U94                       OAI21X1         osu05_stdcells  207.000000
U95                       OAI21X1         osu05_stdcells  207.000000
U96                       NAND2X1         osu05_stdcells  216.000000
U97                       OAI21X1         osu05_stdcells  207.000000
U98                       NAND3X1         osu05_stdcells  324.000000
U99                       XOR2X1          osu05_stdcells  504.000000
U100                      NAND2X1         osu05_stdcells  216.000000
U101                      AOI21X1         osu05_stdcells  288.000000
U102                      AOI21X1         osu05_stdcells  288.000000
U103                      OAI21X1         osu05_stdcells  207.000000
U104                      OAI21X1         osu05_stdcells  207.000000
U105                      NAND2X1         osu05_stdcells  216.000000
U106                      AOI21X1         osu05_stdcells  288.000000
U107                      OAI22X1         osu05_stdcells  360.000000
U108                      AOI21X1         osu05_stdcells  288.000000
U109                      AOI21X1         osu05_stdcells  288.000000
U110                      OAI22X1         osu05_stdcells  360.000000
U111                      OAI21X1         osu05_stdcells  207.000000
U112                      NAND2X1         osu05_stdcells  216.000000
U113                      NOR2X1          osu05_stdcells  216.000000
U114                      NAND2X1         osu05_stdcells  216.000000
U115                      NOR2X1          osu05_stdcells  216.000000
U116                      NOR2X1          osu05_stdcells  216.000000
U117                      NAND3X1         osu05_stdcells  324.000000
U118                      NOR2X1          osu05_stdcells  216.000000
U119                      NOR2X1          osu05_stdcells  216.000000
U120                      NAND3X1         osu05_stdcells  324.000000
U121                      NOR2X1          osu05_stdcells  216.000000
U122                      OAI21X1         osu05_stdcells  207.000000
U123                      AOI22X1         osu05_stdcells  360.000000
U124                      NOR2X1          osu05_stdcells  216.000000
U125                      NAND3X1         osu05_stdcells  324.000000
U126                      NAND3X1         osu05_stdcells  324.000000
U127                      NOR2X1          osu05_stdcells  216.000000
U128                      NAND3X1         osu05_stdcells  324.000000
U129                      NAND2X1         osu05_stdcells  216.000000
U130                      INVX1           osu05_stdcells  144.000000
U131                      INVX4           osu05_stdcells  216.000000
alu_op_gravity_reg        DFFNEGX1        osu05_stdcells  864.000000
                                                                    n
alu_op_rotate_reg         DFFNEGX1        osu05_stdcells  864.000000
                                                                    n
alu_op_shift_left_reg     DFFNEGX1        osu05_stdcells  864.000000
                                                                    n
alu_op_shift_right_reg    DFFNEGX1        osu05_stdcells  864.000000
                                                                    n
board_reset_reg           DFFNEGX1        osu05_stdcells  864.000000
                                                                    n
clear_row_reg             DFFNEGX1        osu05_stdcells  864.000000
                                                                    n
disp_cnt_reg[0]           DFFNEGX1        osu05_stdcells  864.000000
                                                                    n
disp_cnt_reg[1]           DFFNEGX1        osu05_stdcells  864.000000
                                                                    n
disp_cnt_reg[2]           DFFNEGX1        osu05_stdcells  864.000000
                                                                    n
disp_cnt_reg[3]           DFFNEGX1        osu05_stdcells  864.000000
                                                                    n
disp_row_addr_reg[0]      DFFNEGX1        osu05_stdcells  864.000000
                                                                    n
disp_row_addr_reg[1]      DFFNEGX1        osu05_stdcells  864.000000
                                                                    n
disp_row_addr_reg[2]      DFFNEGX1        osu05_stdcells  864.000000
                                                                    n
disp_row_addr_reg[3]      DFFNEGX1        osu05_stdcells  864.000000
                                                                    n
disp_row_valid_reg        DFFNEGX1        osu05_stdcells  864.000000
                                                                    n
move_cmd_reg[0]           DFFNEGX1        osu05_stdcells  864.000000
                                                                    n
move_cmd_reg[1]           DFFNEGX1        osu05_stdcells  864.000000
                                                                    n
move_cmd_reg[2]           DFFNEGX1        osu05_stdcells  864.000000
                                                                    n
next_state_reg[0]         DFFNEGX1        osu05_stdcells  864.000000
                                                                    n
next_state_reg[1]         DFFNEGX1        osu05_stdcells  864.000000
                                                                    n
next_state_reg[2]         DFFNEGX1        osu05_stdcells  864.000000
                                                                    n
next_state_reg[3]         DFFNEGX1        osu05_stdcells  864.000000
                                                                    n
out_game_over_reg         DFFNEGX1        osu05_stdcells  864.000000
                                                                    n
out_line_clear_reg        DFFNEGX1        osu05_stdcells  864.000000
                                                                    n
piece_lock_reg            DFFNEGX1        osu05_stdcells  864.000000
                                                                    n
piece_spawn_reg           DFFNEGX1        osu05_stdcells  864.000000
                                                                    n
score_inc_reg             DFFNEGX1        osu05_stdcells  864.000000
                                                                    n
state_reg[0]              DFFNEGX1        osu05_stdcells  864.000000
                                                                    n
state_reg[1]              DFFNEGX1        osu05_stdcells  864.000000
                                                                    n
state_reg[2]              DFFNEGX1        osu05_stdcells  864.000000
                                                                    n
state_reg[3]              DFFNEGX1        osu05_stdcells  864.000000
                                                                    n
--------------------------------------------------------------------------------
Total 160 cells                                           55818.000000
1
report_area 
 
****************************************
Report : area
Design : tetris_fsm
Version: U-2022.12-SP7
Date   : Mon Mar  2 17:44:13 2026
****************************************

Information: Updating design information... (UID-85)
Library(s) Used:

    osu05_stdcells (File: /clear/apps/osu/soc/synopsys/lib/ami05/osu05_stdcells.db)

Number of ports:                           32
Number of nets:                           172
Number of cells:                          160
Number of combinational cells:            129
Number of sequential cells:                31
Number of macros/black boxes:               0
Number of buf/inv:                         38
Number of references:                      13

Combinational area:              29034.000000
Buf/Inv area:                     5544.000000
Noncombinational area:           26784.000000
Macro/Black Box area:                0.000000
Net Interconnect area:      undefined  (No wire load specified)

Total cell area:                 55818.000000
Total area:                 undefined
1
report_timing -path full -delay max -max_paths 3 -nworst 1
 
****************************************
Report : timing
        -path full
        -delay max
        -max_paths 3
Design : tetris_fsm
Version: U-2022.12-SP7
Date   : Mon Mar  2 17:44:13 2026
****************************************

Operating Conditions: typical   Library: osu05_stdcells
Wire Load Model Mode: top

  Startpoint: restart (input port clocked by clka)
  Endpoint: disp_cnt_reg[2]
            (falling edge-triggered flip-flop clocked by clka)
  Path Group: clka
  Path Type: max

  Point                                    Incr       Path
  -----------------------------------------------------------
  clock clka (rise edge)                   0.00       0.00
  clock network delay (ideal)              0.00       0.00
  input external delay                     1.00       1.00 r
  restart (in)                             0.21       1.21 r
  U33/Y (INVX2)                            0.21       1.42 f
  U89/Y (NAND3X1)                          0.45       1.87 r
  U87/Y (NOR2X1)                           0.32       2.19 f
  U84/Y (AOI21X1)                          0.13       2.32 r
  U81/Y (OAI21X1)                          0.10       2.42 f
  disp_cnt_reg[2]/D (DFFNEGX1)             0.00       2.42 f
  data arrival time                                   2.42

  clock clka (fall edge)                  10.00      10.00
  clock network delay (ideal)              0.00      10.00
  disp_cnt_reg[2]/CLK (DFFNEGX1)           0.00      10.00 f
  library setup time                      -0.37       9.63
  data required time                                  9.63
  -----------------------------------------------------------
  data required time                                  9.63
  data arrival time                                  -2.42
  -----------------------------------------------------------
  slack (MET)                                         7.21


  Startpoint: restart (input port clocked by clka)
  Endpoint: move_cmd_reg[2]
            (falling edge-triggered flip-flop clocked by clka)
  Path Group: clka
  Path Type: max

  Point                                    Incr       Path
  -----------------------------------------------------------
  clock clka (rise edge)                   0.00       0.00
  clock network delay (ideal)              0.00       0.00
  input external delay                     1.00       1.00 f
  restart (in)                             0.27       1.27 f
  U33/Y (INVX2)                            0.23       1.50 r
  U46/Y (OAI21X1)                          0.28       1.78 f
  U43/Y (NAND3X1)                          0.28       2.06 r
  U28/Y (INVX2)                            0.08       2.14 f
  U41/Y (NAND3X1)                          0.15       2.30 r
  U40/Y (OAI21X1)                          0.08       2.38 f
  move_cmd_reg[2]/D (DFFNEGX1)             0.00       2.38 f
  data arrival time                                   2.38

  clock clka (fall edge)                  10.00      10.00
  clock network delay (ideal)              0.00      10.00
  move_cmd_reg[2]/CLK (DFFNEGX1)           0.00      10.00 f
  library setup time                      -0.36       9.64
  data required time                                  9.64
  -----------------------------------------------------------
  data required time                                  9.64
  data arrival time                                  -2.38
  -----------------------------------------------------------
  slack (MET)                                         7.26


  Startpoint: restart (input port clocked by clka)
  Endpoint: move_cmd_reg[1]
            (falling edge-triggered flip-flop clocked by clka)
  Path Group: clka
  Path Type: max

  Point                                    Incr       Path
  -----------------------------------------------------------
  clock clka (rise edge)                   0.00       0.00
  clock network delay (ideal)              0.00       0.00
  input external delay                     1.00       1.00 f
  restart (in)                             0.27       1.27 f
  U33/Y (INVX2)                            0.23       1.50 r
  U46/Y (OAI21X1)                          0.28       1.78 f
  U43/Y (NAND3X1)                          0.28       2.06 r
  U42/Y (OAI22X1)                          0.14       2.20 f
  move_cmd_reg[1]/D (DFFNEGX1)             0.00       2.20 f
  data arrival time                                   2.20

  clock clka (fall edge)                  10.00      10.00
  clock network delay (ideal)              0.00      10.00
  move_cmd_reg[1]/CLK (DFFNEGX1)           0.00      10.00 f
  library setup time                      -0.36       9.64
  data required time                                  9.64
  -----------------------------------------------------------
  data required time                                  9.64
  data arrival time                                  -2.20
  -----------------------------------------------------------
  slack (MET)                                         7.43


1
report_power
Loading db file '/clear/apps/osu/soc/synopsys/lib/ami05/osu05_stdcells.db'
Information: Propagating switching activity (low effort zero delay simulation). (PWR-6)
Warning: Design has unannotated primary inputs. (PWR-414)
Warning: Design has unannotated sequential cell outputs. (PWR-415)
 
****************************************
Report : power
        -analysis_effort low
Design : tetris_fsm
Version: U-2022.12-SP7
Date   : Mon Mar  2 17:44:14 2026
****************************************


Library(s) Used:

    osu05_stdcells (File: /clear/apps/osu/soc/synopsys/lib/ami05/osu05_stdcells.db)


Operating Conditions: typical   Library: osu05_stdcells
Wire Load Model Mode: top


Global Operating Voltage = 5    
Power-specific unit information :
    Voltage Units = 1V
    Capacitance Units = 1.000000pf
    Time Units = 1ns
    Dynamic Power Units = 1mW    (derived from V,C,T units)
    Leakage Power Units = 1nW


Attributes
----------
i - Including register clock pin internal power


  Cell Internal Power  =   1.1833 mW   (86%)
  Net Switching Power  = 187.2572 uW   (14%)
                         ---------
Total Dynamic Power    =   1.3705 mW  (100%)

Cell Leakage Power     =  15.0903 nW


                 Internal         Switching           Leakage            Total
Power Group      Power            Power               Power              Power   (   %    )  Attrs
--------------------------------------------------------------------------------------------------
io_pad             0.0000            0.0000            0.0000            0.0000  (   0.00%)
memory             0.0000            0.0000            0.0000            0.0000  (   0.00%)
black_box          0.0000            0.0000            0.0000            0.0000  (   0.00%)
clock_network      0.8173            0.0000            0.0000            0.8173  (  59.64%)  i
register       3.2937e-02        1.2691e-02            2.7188        4.5631e-02  (   3.33%)
sequential         0.2394        4.9554e-03            4.9433            0.2444  (  17.83%)
combinational  9.3589e-02            0.1696            7.4281            0.2632  (  19.20%)
--------------------------------------------------------------------------------------------------
Total              1.1833 mW         0.1873 mW        15.0903 nW         1.3706 mW
1
redirect timing.rep { report_timing }
redirect cell.rep { report_cell }
redirect power.rep { report_power }
quit

Memory usage for this session 107 Mbytes.
Memory usage for this session including child processes 107 Mbytes.
CPU usage for this session 4 seconds ( 0.00 hours ).
Elapsed time for this session 7 seconds ( 0.00 hours ).

Thank you...
